2022-06-26 11:27:24,102 - INFO - Loading data...
2022-06-26 11:27:24,126 - INFO - None
2022-06-26 11:27:24,126 - INFO - 
Class Distribution: 
example_label        1
example_label_two    1
Name: label, dtype: int64
2022-06-26 11:27:24,126 - INFO - Preprocessing...
2022-06-26 11:43:58,521 - INFO - Loading data...
2022-06-26 11:44:54,052 - INFO - Loading data...
2022-06-26 11:47:28,532 - INFO - Loading data...
2022-06-26 11:47:45,497 - INFO - Loading data...
2022-06-26 11:47:45,517 - INFO - None
2022-06-26 11:47:45,518 - INFO - 
Class Distribution: 
example_label        1
example_label_two    1
Name: label, dtype: int64
2022-06-26 11:47:45,519 - INFO - Preprocessing...
2022-06-26 11:49:18,622 - INFO - Loading data...
2022-06-26 11:49:18,661 - INFO - None
2022-06-26 11:51:44,794 - INFO - Loading data...
2022-06-26 11:51:44,817 - INFO - None
